<?xml version="1.0" encoding="UTF-8"?>
<!-- Generated by org.testng.reporters.JUnitReportReporter -->
<testsuite hostname="DESKTOP-OUBE3OH" failures="0" tests="1" name="org.testing.TestScripts.Final_TC1" time="55.749" errors="0" timestamp="4 Jan 2024 13:57:03 GMT">
  <testcase classname="org.testing.TestScripts.Final_TC1" name="Trending_Click" time="55.749"/>
</testsuite> <!-- org.testing.TestScripts.Final_TC1 -->
